{"/home/dimm/Documents/Projects/vue-masterclass/job-search/src/api/getJobs.js": {"path":"/home/dimm/Documents/Projects/vue-masterclass/job-search/src/api/getJobs.js","statementMap":{"0":{"start":{"line":3,"column":16},"end":{"line":7,"column":1}},"1":{"start":{"line":4,"column":18},"end":{"line":4,"column":45}},"2":{"start":{"line":5,"column":19},"end":{"line":5,"column":53}},"3":{"start":{"line":6,"column":2},"end":{"line":6,"column":23}}},"fnMap":{"0":{"name":"(anonymous_0)","decl":{"start":{"line":3,"column":16},"end":{"line":3,"column":17}},"loc":{"start":{"line":3,"column":28},"end":{"line":7,"column":1}},"line":3}},"branchMap":{},"s":{"0":2,"1":2,"2":2,"3":2},"f":{"0":2},"b":{},"_coverageSchema":"1a1c01bbd47fc00a2c39e90264f33305004495a9","hash":"2a89e0aeedb622c6f05afb2cdc4f41630daacbc4"}
,"/home/dimm/Documents/Projects/vue-masterclass/job-search/src/components/JobResults/JobListing.vue": {"path":"/home/dimm/Documents/Projects/vue-masterclass/job-search/src/components/JobResults/JobListing.vue","statementMap":{"0":{"start":{"line":62,"column":15},"end":{"line":62,"column":null}},"1":{"start":{"line":72,"column":6},"end":{"line":72,"column":14}}},"fnMap":{"0":{"name":"(anonymous_0)","decl":{"start":{"line":71,"column":4},"end":{"line":71,"column":15}},"loc":{"start":{"line":71,"column":18},"end":{"line":73,"column":null}}}},"branchMap":{},"s":{"0":2,"1":5},"f":{"0":5},"b":{}}
,"/home/dimm/Documents/Projects/vue-masterclass/job-search/src/components/navigation/ProfileImage.vue": {"path":"/home/dimm/Documents/Projects/vue-masterclass/job-search/src/components/navigation/ProfileImage.vue","statementMap":{"0":{"start":{"line":9,"column":15},"end":{"line":9,"column":null}},"1":{"start":{"line":12,"column":4},"end":{"line":12,"column":11}}},"fnMap":{"0":{"name":"(anonymous_0)","decl":{"start":{"line":11,"column":2},"end":{"line":11,"column":6}},"loc":{"start":{"line":11,"column":9},"end":{"line":15,"column":null}}}},"branchMap":{},"s":{"0":2,"1":1},"f":{"0":1},"b":{}}
,"/home/dimm/Documents/Projects/vue-masterclass/job-search/src/components/shared/ActionButton.vue": {"path":"/home/dimm/Documents/Projects/vue-masterclass/job-search/src/components/shared/ActionButton.vue","statementMap":{"0":{"start":{"line":10,"column":15},"end":{"line":10,"column":null}},"1":{"start":{"line":23,"column":8},"end":{"line":23,"column":15}},"2":{"start":{"line":29,"column":6},"end":{"line":29,"column":13}}},"fnMap":{"0":{"name":"(anonymous_0)","decl":{"start":{"line":22,"column":6},"end":{"line":22,"column":15}},"loc":{"start":{"line":22,"column":23},"end":{"line":24,"column":null}}},"1":{"name":"(anonymous_1)","decl":{"start":{"line":28,"column":4},"end":{"line":28,"column":15}},"loc":{"start":{"line":28,"column":18},"end":{"line":34,"column":null}}}},"branchMap":{},"s":{"0":3,"1":9,"2":3},"f":{"0":9,"1":3},"b":{}}
,"/home/dimm/Documents/Projects/vue-masterclass/job-search/src/components/shared/HeaderContainer.vue": {"path":"/home/dimm/Documents/Projects/vue-masterclass/job-search/src/components/shared/HeaderContainer.vue","statementMap":{"0":{"start":{"line":15,"column":15},"end":{"line":15,"column":null}}},"fnMap":{},"branchMap":{},"s":{"0":1},"f":{},"b":{}}
,"/home/dimm/Documents/Projects/vue-masterclass/job-search/src/components/shared/TextInput.vue": {"path":"/home/dimm/Documents/Projects/vue-masterclass/job-search/src/components/shared/TextInput.vue","statementMap":{"0":{"start":{"line":14,"column":15},"end":{"line":14,"column":null}},"1":{"start":{"line":35,"column":6},"end":{"line":35,"column":11}}},"fnMap":{"0":{"name":"(anonymous_0)","decl":{"start":{"line":34,"column":4},"end":{"line":34,"column":15}},"loc":{"start":{"line":34,"column":24},"end":{"line":36,"column":null}}}},"branchMap":{},"s":{"0":2,"1":5},"f":{"0":5},"b":{}}
,"/home/dimm/Documents/Projects/vue-masterclass/job-search/src/components/shared/TheAccordion.vue": {"path":"/home/dimm/Documents/Projects/vue-masterclass/job-search/src/components/shared/TheAccordion.vue","statementMap":{"0":{"start":{"line":25,"column":15},"end":{"line":25,"column":null}},"1":{"start":{"line":34,"column":4},"end":{"line":34,"column":11}},"2":{"start":{"line":40,"column":6},"end":{"line":40,"column":13}},"3":{"start":{"line":45,"column":6},"end":{"line":45,"column":11}}},"fnMap":{"0":{"name":"(anonymous_0)","decl":{"start":{"line":33,"column":2},"end":{"line":33,"column":6}},"loc":{"start":{"line":33,"column":9},"end":{"line":37,"column":null}}},"1":{"name":"(anonymous_1)","decl":{"start":{"line":39,"column":4},"end":{"line":39,"column":13}},"loc":{"start":{"line":39,"column":16},"end":{"line":41,"column":null}}},"2":{"name":"(anonymous_2)","decl":{"start":{"line":44,"column":4},"end":{"line":44,"column":8}},"loc":{"start":{"line":44,"column":11},"end":{"line":46,"column":null}}}},"branchMap":{"0":{"loc":{"start":{"line":40,"column":13},"end":{"line":40,"column":50}},"type":"cond-expr","locations":[{"start":{"line":40,"column":27},"end":{"line":40,"column":28}},{"start":{"line":40,"column":49},"end":{"line":40,"column":50}}]}},"s":{"0":3,"1":6,"2":12,"3":6},"f":{"0":6,"1":12,"2":6},"b":{"0":[6,6]}}
,"/home/dimm/Documents/Projects/vue-masterclass/job-search/src/store/actions.js": {"path":"/home/dimm/Documents/Projects/vue-masterclass/job-search/src/store/actions.js","statementMap":{"0":{"start":{"line":4,"column":16},"end":{"line":9,"column":1}},"1":{"start":{"line":6,"column":24},"end":{"line":6,"column":39}},"2":{"start":{"line":7,"column":4},"end":{"line":7,"column":46}}},"fnMap":{"0":{"name":"(anonymous_0)","decl":{"start":{"line":5,"column":16},"end":{"line":5,"column":17}},"loc":{"start":{"line":5,"column":35},"end":{"line":8,"column":3}},"line":5}},"branchMap":{},"s":{"0":1,"1":2,"2":2},"f":{"0":2},"b":{},"_coverageSchema":"1a1c01bbd47fc00a2c39e90264f33305004495a9","hash":"d473dbfb6aa0bc8bcdc6768b37bda6074b576543"}
,"/home/dimm/Documents/Projects/vue-masterclass/job-search/src/store/constants.js": {"path":"/home/dimm/Documents/Projects/vue-masterclass/job-search/src/store/constants.js","statementMap":{"0":{"start":{"line":2,"column":26},"end":{"line":2,"column":38}},"1":{"start":{"line":5,"column":28},"end":{"line":5,"column":42}},"2":{"start":{"line":6,"column":26},"end":{"line":6,"column":38}},"3":{"start":{"line":7,"column":38},"end":{"line":7,"column":62}},"4":{"start":{"line":8,"column":32},"end":{"line":8,"column":50}},"5":{"start":{"line":9,"column":29},"end":{"line":9,"column":44}},"6":{"start":{"line":10,"column":43},"end":{"line":10,"column":72}},"7":{"start":{"line":13,"column":36},"end":{"line":13,"column":58}},"8":{"start":{"line":14,"column":42},"end":{"line":14,"column":70}},"9":{"start":{"line":15,"column":39},"end":{"line":15,"column":64}}},"fnMap":{},"branchMap":{},"s":{"0":8,"1":8,"2":8,"3":8,"4":8,"5":8,"6":8,"7":8,"8":8,"9":8},"f":{},"b":{},"_coverageSchema":"1a1c01bbd47fc00a2c39e90264f33305004495a9","hash":"98821b732414e9ba6a75135eb665732b96543256"}
,"/home/dimm/Documents/Projects/vue-masterclass/job-search/src/store/getters.js": {"path":"/home/dimm/Documents/Projects/vue-masterclass/job-search/src/store/getters.js","statementMap":{"0":{"start":{"line":10,"column":16},"end":{"line":39,"column":1}},"1":{"start":{"line":12,"column":32},"end":{"line":12,"column":41}},"2":{"start":{"line":13,"column":4},"end":{"line":15,"column":7}},"3":{"start":{"line":14,"column":6},"end":{"line":14,"column":48}},"4":{"start":{"line":16,"column":4},"end":{"line":16,"column":31}},"5":{"start":{"line":19,"column":27},"end":{"line":19,"column":36}},"6":{"start":{"line":20,"column":4},"end":{"line":22,"column":7}},"7":{"start":{"line":21,"column":6},"end":{"line":21,"column":38}},"8":{"start":{"line":23,"column":4},"end":{"line":23,"column":26}},"9":{"start":{"line":25,"column":42},"end":{"line":28,"column":3}},"10":{"start":{"line":26,"column":4},"end":{"line":26,"column":62}},"11":{"start":{"line":26,"column":50},"end":{"line":26,"column":62}},"12":{"start":{"line":27,"column":4},"end":{"line":27,"column":66}},"13":{"start":{"line":29,"column":38},"end":{"line":32,"column":3}},"14":{"start":{"line":30,"column":4},"end":{"line":30,"column":57}},"15":{"start":{"line":30,"column":45},"end":{"line":30,"column":57}},"16":{"start":{"line":31,"column":4},"end":{"line":31,"column":56}},"17":{"start":{"line":35,"column":4},"end":{"line":37,"column":59}},"18":{"start":{"line":36,"column":21},"end":{"line":36,"column":61}},"19":{"start":{"line":37,"column":21},"end":{"line":37,"column":57}}},"fnMap":{"0":{"name":"(anonymous_0)","decl":{"start":{"line":11,"column":2},"end":{"line":11,"column":3}},"loc":{"start":{"line":11,"column":32},"end":{"line":17,"column":3}},"line":11},"1":{"name":"(anonymous_1)","decl":{"start":{"line":13,"column":23},"end":{"line":13,"column":24}},"loc":{"start":{"line":13,"column":32},"end":{"line":15,"column":5}},"line":13},"2":{"name":"(anonymous_2)","decl":{"start":{"line":18,"column":2},"end":{"line":18,"column":3}},"loc":{"start":{"line":18,"column":28},"end":{"line":24,"column":3}},"line":18},"3":{"name":"(anonymous_3)","decl":{"start":{"line":20,"column":23},"end":{"line":20,"column":24}},"loc":{"start":{"line":20,"column":32},"end":{"line":22,"column":5}},"line":20},"4":{"name":"(anonymous_4)","decl":{"start":{"line":25,"column":33},"end":{"line":25,"column":34}},"loc":{"start":{"line":25,"column":42},"end":{"line":28,"column":3}},"line":25},"5":{"name":"(anonymous_5)","decl":{"start":{"line":25,"column":42},"end":{"line":25,"column":43}},"loc":{"start":{"line":25,"column":51},"end":{"line":28,"column":3}},"line":25},"6":{"name":"(anonymous_6)","decl":{"start":{"line":29,"column":29},"end":{"line":29,"column":30}},"loc":{"start":{"line":29,"column":38},"end":{"line":32,"column":3}},"line":29},"7":{"name":"(anonymous_7)","decl":{"start":{"line":29,"column":38},"end":{"line":29,"column":39}},"loc":{"start":{"line":29,"column":47},"end":{"line":32,"column":3}},"line":29},"8":{"name":"(anonymous_8)","decl":{"start":{"line":34,"column":2},"end":{"line":34,"column":3}},"loc":{"start":{"line":34,"column":34},"end":{"line":38,"column":3}},"line":34},"9":{"name":"(anonymous_9)","decl":{"start":{"line":36,"column":14},"end":{"line":36,"column":15}},"loc":{"start":{"line":36,"column":21},"end":{"line":36,"column":61}},"line":36},"10":{"name":"(anonymous_10)","decl":{"start":{"line":37,"column":14},"end":{"line":37,"column":15}},"loc":{"start":{"line":37,"column":21},"end":{"line":37,"column":57}},"line":37}},"branchMap":{"0":{"loc":{"start":{"line":26,"column":4},"end":{"line":26,"column":62}},"type":"if","locations":[{"start":{"line":26,"column":4},"end":{"line":26,"column":62}},{"start":{},"end":{}}],"line":26},"1":{"loc":{"start":{"line":30,"column":4},"end":{"line":30,"column":57}},"type":"if","locations":[{"start":{"line":30,"column":4},"end":{"line":30,"column":57}},{"start":{},"end":{}}],"line":30}},"s":{"0":1,"1":1,"2":1,"3":3,"4":1,"5":1,"6":1,"7":3,"8":1,"9":2,"10":2,"11":1,"12":1,"13":2,"14":2,"15":1,"16":1,"17":1,"18":1,"19":1},"f":{"0":1,"1":3,"2":1,"3":3,"4":2,"5":2,"6":2,"7":2,"8":1,"9":1,"10":1},"b":{"0":[1,1],"1":[1,1]},"_coverageSchema":"1a1c01bbd47fc00a2c39e90264f33305004495a9","hash":"3a5ba8886d0c352d7af7b5510df9fc9028cba300"}
,"/home/dimm/Documents/Projects/vue-masterclass/job-search/src/store/mutations.js": {"path":"/home/dimm/Documents/Projects/vue-masterclass/job-search/src/store/mutations.js","statementMap":{"0":{"start":{"line":8,"column":18},"end":{"line":21,"column":1}},"1":{"start":{"line":10,"column":4},"end":{"line":10,"column":28}},"2":{"start":{"line":13,"column":4},"end":{"line":13,"column":23}},"3":{"start":{"line":16,"column":4},"end":{"line":16,"column":40}},"4":{"start":{"line":19,"column":4},"end":{"line":19,"column":35}}},"fnMap":{"0":{"name":"(anonymous_0)","decl":{"start":{"line":9,"column":2},"end":{"line":9,"column":3}},"loc":{"start":{"line":9,"column":22},"end":{"line":11,"column":3}},"line":9},"1":{"name":"(anonymous_1)","decl":{"start":{"line":12,"column":2},"end":{"line":12,"column":3}},"loc":{"start":{"line":12,"column":31},"end":{"line":14,"column":3}},"line":12},"2":{"name":"(anonymous_2)","decl":{"start":{"line":15,"column":2},"end":{"line":15,"column":3}},"loc":{"start":{"line":15,"column":45},"end":{"line":17,"column":3}},"line":15},"3":{"name":"(anonymous_3)","decl":{"start":{"line":18,"column":2},"end":{"line":18,"column":3}},"loc":{"start":{"line":18,"column":41},"end":{"line":20,"column":3}},"line":18}},"branchMap":{},"s":{"0":1,"1":1,"2":1,"3":1,"4":1},"f":{"0":1,"1":1,"2":1,"3":1},"b":{},"_coverageSchema":"1a1c01bbd47fc00a2c39e90264f33305004495a9","hash":"37422e143c2f7e75d8d9b4cff29419013a2b5b76"}
,"/home/dimm/Documents/Projects/vue-masterclass/job-search/src/store/state.js": {"path":"/home/dimm/Documents/Projects/vue-masterclass/job-search/src/store/state.js","statementMap":{"0":{"start":{"line":1,"column":14},"end":{"line":6,"column":2}},"1":{"start":{"line":1,"column":21},"end":{"line":6,"column":1}}},"fnMap":{"0":{"name":"(anonymous_0)","decl":{"start":{"line":1,"column":14},"end":{"line":1,"column":15}},"loc":{"start":{"line":1,"column":21},"end":{"line":6,"column":1}},"line":1}},"branchMap":{},"s":{"0":1,"1":4},"f":{"0":4},"b":{},"_coverageSchema":"1a1c01bbd47fc00a2c39e90264f33305004495a9","hash":"e2be012986d865abc75ad8d4dc3d1291d217e42f"}
,"/home/dimm/Documents/Projects/vue-masterclass/job-search/src/utils/nextElementInList.js": {"path":"/home/dimm/Documents/Projects/vue-masterclass/job-search/src/utils/nextElementInList.js","statementMap":{"0":{"start":{"line":1,"column":26},"end":{"line":7,"column":1}},"1":{"start":{"line":2,"column":29},"end":{"line":2,"column":48}},"2":{"start":{"line":3,"column":25},"end":{"line":3,"column":63}},"3":{"start":{"line":4,"column":20},"end":{"line":4,"column":40}},"4":{"start":{"line":6,"column":2},"end":{"line":6,"column":19}}},"fnMap":{"0":{"name":"(anonymous_0)","decl":{"start":{"line":1,"column":26},"end":{"line":1,"column":27}},"loc":{"start":{"line":1,"column":43},"end":{"line":7,"column":1}},"line":1}},"branchMap":{},"s":{"0":2,"1":5,"2":5,"3":5,"4":5},"f":{"0":5},"b":{},"_coverageSchema":"1a1c01bbd47fc00a2c39e90264f33305004495a9","hash":"ad781d55fe25894c58653a9c303f9847d5302a3b"}
}
