{"/home/dimm/Documents/Projects/vue-masterclass/job-search/src/components/JobResults/JobListing.vue": {"path":"/home/dimm/Documents/Projects/vue-masterclass/job-search/src/components/JobResults/JobListing.vue","statementMap":{"0":{"start":{"line":62,"column":15},"end":{"line":62,"column":null}},"1":{"start":{"line":72,"column":6},"end":{"line":72,"column":14}}},"fnMap":{"0":{"name":"(anonymous_0)","decl":{"start":{"line":71,"column":4},"end":{"line":71,"column":15}},"loc":{"start":{"line":71,"column":18},"end":{"line":73,"column":null}}}},"branchMap":{},"s":{"0":2,"1":5},"f":{"0":5},"b":{}}
,"/home/dimm/Documents/Projects/vue-masterclass/job-search/src/components/navigation/ProfileImage.vue": {"path":"/home/dimm/Documents/Projects/vue-masterclass/job-search/src/components/navigation/ProfileImage.vue","statementMap":{"0":{"start":{"line":9,"column":15},"end":{"line":9,"column":null}},"1":{"start":{"line":12,"column":4},"end":{"line":12,"column":11}}},"fnMap":{"0":{"name":"(anonymous_0)","decl":{"start":{"line":11,"column":2},"end":{"line":11,"column":6}},"loc":{"start":{"line":11,"column":9},"end":{"line":15,"column":null}}}},"branchMap":{},"s":{"0":2,"1":1},"f":{"0":1},"b":{}}
,"/home/dimm/Documents/Projects/vue-masterclass/job-search/src/components/navigation/SubNav.vue": {"path":"/home/dimm/Documents/Projects/vue-masterclass/job-search/src/components/navigation/SubNav.vue","statementMap":{"0":{"start":{"line":26,"column":15},"end":{"line":26,"column":null}},"1":{"start":{"line":30,"column":6},"end":{"line":30,"column":13}}},"fnMap":{"0":{"name":"(anonymous_0)","decl":{"start":{"line":29,"column":4},"end":{"line":29,"column":20}},"loc":{"start":{"line":29,"column":23},"end":{"line":31,"column":null}}}},"branchMap":{},"s":{"0":2,"1":2},"f":{"0":2},"b":{}}
,"/home/dimm/Documents/Projects/vue-masterclass/job-search/src/components/shared/ActionButton.vue": {"path":"/home/dimm/Documents/Projects/vue-masterclass/job-search/src/components/shared/ActionButton.vue","statementMap":{"0":{"start":{"line":10,"column":15},"end":{"line":10,"column":null}},"1":{"start":{"line":23,"column":8},"end":{"line":23,"column":15}},"2":{"start":{"line":29,"column":6},"end":{"line":29,"column":13}}},"fnMap":{"0":{"name":"(anonymous_0)","decl":{"start":{"line":22,"column":6},"end":{"line":22,"column":15}},"loc":{"start":{"line":22,"column":23},"end":{"line":24,"column":null}}},"1":{"name":"(anonymous_1)","decl":{"start":{"line":28,"column":4},"end":{"line":28,"column":15}},"loc":{"start":{"line":28,"column":18},"end":{"line":34,"column":null}}}},"branchMap":{},"s":{"0":3,"1":10,"2":3},"f":{"0":10,"1":3},"b":{}}
,"/home/dimm/Documents/Projects/vue-masterclass/job-search/src/components/shared/TextInput.vue": {"path":"/home/dimm/Documents/Projects/vue-masterclass/job-search/src/components/shared/TextInput.vue","statementMap":{"0":{"start":{"line":14,"column":15},"end":{"line":14,"column":null}},"1":{"start":{"line":35,"column":6},"end":{"line":35,"column":11}}},"fnMap":{"0":{"name":"(anonymous_0)","decl":{"start":{"line":34,"column":4},"end":{"line":34,"column":15}},"loc":{"start":{"line":34,"column":24},"end":{"line":36,"column":null}}}},"branchMap":{},"s":{"0":2,"1":5},"f":{"0":5},"b":{}}
,"/home/dimm/Documents/Projects/vue-masterclass/job-search/src/store/index.js": {"path":"/home/dimm/Documents/Projects/vue-masterclass/job-search/src/store/index.js","statementMap":{"0":{"start":{"line":4,"column":21},"end":{"line":6,"column":2}},"1":{"start":{"line":4,"column":28},"end":{"line":6,"column":1}},"2":{"start":{"line":8,"column":25},"end":{"line":12,"column":1}},"3":{"start":{"line":10,"column":4},"end":{"line":10,"column":28}},"4":{"start":{"line":14,"column":14},"end":{"line":18,"column":2}}},"fnMap":{"0":{"name":"(anonymous_0)","decl":{"start":{"line":4,"column":21},"end":{"line":4,"column":22}},"loc":{"start":{"line":4,"column":28},"end":{"line":6,"column":1}},"line":4},"1":{"name":"(anonymous_1)","decl":{"start":{"line":9,"column":2},"end":{"line":9,"column":3}},"loc":{"start":{"line":9,"column":20},"end":{"line":11,"column":3}},"line":9}},"branchMap":{},"s":{"0":1,"1":2,"2":1,"3":1,"4":1},"f":{"0":2,"1":1},"b":{},"_coverageSchema":"1a1c01bbd47fc00a2c39e90264f33305004495a9","hash":"69cd0210da027b5dce78e329f2f9a468ade8958a"}
,"/home/dimm/Documents/Projects/vue-masterclass/job-search/src/utils/nextElementInList.js": {"path":"/home/dimm/Documents/Projects/vue-masterclass/job-search/src/utils/nextElementInList.js","statementMap":{"0":{"start":{"line":1,"column":26},"end":{"line":7,"column":1}},"1":{"start":{"line":2,"column":29},"end":{"line":2,"column":48}},"2":{"start":{"line":3,"column":25},"end":{"line":3,"column":63}},"3":{"start":{"line":4,"column":20},"end":{"line":4,"column":40}},"4":{"start":{"line":6,"column":2},"end":{"line":6,"column":19}}},"fnMap":{"0":{"name":"(anonymous_0)","decl":{"start":{"line":1,"column":26},"end":{"line":1,"column":27}},"loc":{"start":{"line":1,"column":43},"end":{"line":7,"column":1}},"line":1}},"branchMap":{},"s":{"0":2,"1":5,"2":5,"3":5,"4":5},"f":{"0":5},"b":{},"_coverageSchema":"1a1c01bbd47fc00a2c39e90264f33305004495a9","hash":"ad781d55fe25894c58653a9c303f9847d5302a3b"}
}
